2023-07-05 01:31:11,358:Z Space Dimensions: 1
2023-07-05 01:31:16,322:Classification Scores
2023-07-05 01:31:16,334:Train Accuracy: 1.0
2023-07-05 01:31:16,345:Train MCC: 1.0
2023-07-05 01:31:16,345:[[169   0]
 [  0  40]]
2023-07-05 01:31:16,346:[[1. 0.]
 [0. 1.]]
2023-07-05 01:31:16,347:Prec
2023-07-05 01:31:16,347:Pattern_0: 1.0
2023-07-05 01:31:16,347:Pattern_1: 1.0
2023-07-05 01:31:16,347:Avg: 1.0
2023-07-05 01:31:16,347:Recall
2023-07-05 01:31:16,347:Pattern_0: 1.0
2023-07-05 01:31:16,347:Pattern_1: 1.0
2023-07-05 01:31:16,354:Avg: 1.0
2023-07-05 01:31:16,354:F1
2023-07-05 01:31:16,354:Pattern_0: 1.0
2023-07-05 01:31:16,354:Pattern_1: 1.0
2023-07-05 01:31:16,354:Avg: 1.0
2023-07-05 01:31:16,354:Support
2023-07-05 01:31:16,354:Pattern_0: 169
2023-07-05 01:31:16,354:Pattern_1: 40
2023-07-05 01:31:16,354:Avg: 104.5
2023-07-05 01:31:16,364:Val Accuracy: 1.0
2023-07-05 01:31:16,377:Val MCC: 1.0
2023-07-05 01:31:16,378:[[169   0]
 [  0  40]]
2023-07-05 01:31:16,378:[[1. 0.]
 [0. 1.]]
2023-07-05 01:31:16,380:Prec
2023-07-05 01:31:16,380:Pattern_0: 1.0
2023-07-05 01:31:16,380:Pattern_1: 1.0
2023-07-05 01:31:16,380:Avg: 1.0
2023-07-05 01:31:16,380:Recall
2023-07-05 01:31:16,380:Pattern_0: 1.0
2023-07-05 01:31:16,380:Pattern_1: 1.0
2023-07-05 01:31:16,380:Avg: 1.0
2023-07-05 01:31:16,380:F1
2023-07-05 01:31:16,380:Pattern_0: 1.0
2023-07-05 01:31:16,380:Pattern_1: 1.0
2023-07-05 01:31:16,380:Avg: 1.0
2023-07-05 01:31:16,381:Support
2023-07-05 01:31:16,381:Pattern_0: 169
2023-07-05 01:31:16,381:Pattern_1: 40
2023-07-05 01:31:16,381:Avg: 104.5
2023-07-05 01:31:16,390:Test Accuracy: 0.9888888888888889
2023-07-05 01:31:16,399:Test MCC: 0.9665456669582608
2023-07-05 01:31:16,400:[[71  0]
 [ 1 18]]
2023-07-05 01:31:16,400:[[1.         0.        ]
 [0.05263158 0.94736842]]
2023-07-05 01:31:16,401:Prec
2023-07-05 01:31:16,401:Pattern_0: 0.9861111111111112
2023-07-05 01:31:16,401:Pattern_1: 1.0
2023-07-05 01:31:16,401:Avg: 0.9930555555555556
2023-07-05 01:31:16,402:Recall
2023-07-05 01:31:16,402:Pattern_0: 1.0
2023-07-05 01:31:16,402:Pattern_1: 0.9473684210526315
2023-07-05 01:31:16,402:Avg: 0.9736842105263157
2023-07-05 01:31:16,402:F1
2023-07-05 01:31:16,402:Pattern_0: 0.993006993006993
2023-07-05 01:31:16,402:Pattern_1: 0.972972972972973
2023-07-05 01:31:16,402:Avg: 0.9829899829899831
2023-07-05 01:31:16,402:Support
2023-07-05 01:31:16,402:Pattern_0: 71
2023-07-05 01:31:16,402:Pattern_1: 19
2023-07-05 01:31:16,402:Avg: 45.0
