2023-07-02 12:02:20,972:Z Space Dimensions: 3
2023-07-02 12:02:30,753:Classification Scores
2023-07-02 12:02:30,764:Train Accuracy: 1.0
2023-07-02 12:02:30,780:Train MCC: 1.0
2023-07-02 12:02:30,780:[[76  0  0  0]
 [ 0 36  0  0]
 [ 0  0 37  0]
 [ 0  0  0 60]]
2023-07-02 12:02:30,780:[[1. 0. 0. 0.]
 [0. 1. 0. 0.]
 [0. 0. 1. 0.]
 [0. 0. 0. 1.]]
2023-07-02 12:02:30,780:Prec
2023-07-02 12:02:30,780:Pattern_0: 1.0
2023-07-02 12:02:30,780:Pattern_1: 1.0
2023-07-02 12:02:30,780:Pattern_2: 1.0
2023-07-02 12:02:30,780:Pattern_3: 1.0
2023-07-02 12:02:30,780:Avg: 1.0
2023-07-02 12:02:30,780:Recall
2023-07-02 12:02:30,780:Pattern_0: 1.0
2023-07-02 12:02:30,780:Pattern_1: 1.0
2023-07-02 12:02:30,780:Pattern_2: 1.0
2023-07-02 12:02:30,788:Pattern_3: 1.0
2023-07-02 12:02:30,788:Avg: 1.0
2023-07-02 12:02:30,788:F1
2023-07-02 12:02:30,788:Pattern_0: 1.0
2023-07-02 12:02:30,788:Pattern_1: 1.0
2023-07-02 12:02:30,788:Pattern_2: 1.0
2023-07-02 12:02:30,788:Pattern_3: 1.0
2023-07-02 12:02:30,788:Avg: 1.0
2023-07-02 12:02:30,788:Support
2023-07-02 12:02:30,788:Pattern_0: 76
2023-07-02 12:02:30,788:Pattern_1: 36
2023-07-02 12:02:30,788:Pattern_2: 37
2023-07-02 12:02:30,788:Pattern_3: 60
2023-07-02 12:02:30,788:Avg: 52.25
2023-07-02 12:02:30,806:Val Accuracy: 1.0
2023-07-02 12:02:30,821:Val MCC: 1.0
2023-07-02 12:02:30,825:[[76  0  0  0]
 [ 0 36  0  0]
 [ 0  0 37  0]
 [ 0  0  0 60]]
2023-07-02 12:02:30,825:[[1. 0. 0. 0.]
 [0. 1. 0. 0.]
 [0. 0. 1. 0.]
 [0. 0. 0. 1.]]
2023-07-02 12:02:30,827:Prec
2023-07-02 12:02:30,827:Pattern_0: 1.0
2023-07-02 12:02:30,827:Pattern_1: 1.0
2023-07-02 12:02:30,827:Pattern_2: 1.0
2023-07-02 12:02:30,827:Pattern_3: 1.0
2023-07-02 12:02:30,827:Avg: 1.0
2023-07-02 12:02:30,827:Recall
2023-07-02 12:02:30,827:Pattern_0: 1.0
2023-07-02 12:02:30,827:Pattern_1: 1.0
2023-07-02 12:02:30,827:Pattern_2: 1.0
2023-07-02 12:02:30,827:Pattern_3: 1.0
2023-07-02 12:02:30,827:Avg: 1.0
2023-07-02 12:02:30,827:F1
2023-07-02 12:02:30,827:Pattern_0: 1.0
2023-07-02 12:02:30,827:Pattern_1: 1.0
2023-07-02 12:02:30,827:Pattern_2: 1.0
2023-07-02 12:02:30,827:Pattern_3: 1.0
2023-07-02 12:02:30,827:Avg: 1.0
2023-07-02 12:02:30,827:Support
2023-07-02 12:02:30,827:Pattern_0: 76
2023-07-02 12:02:30,827:Pattern_1: 36
2023-07-02 12:02:30,827:Pattern_2: 37
2023-07-02 12:02:30,827:Pattern_3: 60
2023-07-02 12:02:30,827:Avg: 52.25
2023-07-02 12:02:30,838:Test Accuracy: 0.9
2023-07-02 12:02:30,850:Test MCC: 0.8688496859657358
2023-07-02 12:02:30,850:[[28  0  0  1]
 [ 0 20  0  0]
 [ 0  3 10  4]
 [ 0  0  1 23]]
2023-07-02 12:02:30,850:[[0.96551724 0.         0.         0.03448276]
 [0.         1.         0.         0.        ]
 [0.         0.17647059 0.58823529 0.23529412]
 [0.         0.         0.04166667 0.95833333]]
2023-07-02 12:02:30,850:Prec
2023-07-02 12:02:30,850:Pattern_0: 1.0
2023-07-02 12:02:30,850:Pattern_1: 0.8695652173913043
2023-07-02 12:02:30,850:Pattern_2: 0.9090909090909091
2023-07-02 12:02:30,850:Pattern_3: 0.8214285714285714
2023-07-02 12:02:30,850:Avg: 0.9000211744776963
2023-07-02 12:02:30,850:Recall
2023-07-02 12:02:30,850:Pattern_0: 0.9655172413793104
2023-07-02 12:02:30,850:Pattern_1: 1.0
2023-07-02 12:02:30,850:Pattern_2: 0.5882352941176471
2023-07-02 12:02:30,850:Pattern_3: 0.9583333333333334
2023-07-02 12:02:30,850:Avg: 0.8780214672075728
2023-07-02 12:02:30,850:F1
2023-07-02 12:02:30,850:Pattern_0: 0.9824561403508771
2023-07-02 12:02:30,850:Pattern_1: 0.9302325581395349
2023-07-02 12:02:30,850:Pattern_2: 0.7142857142857143
2023-07-02 12:02:30,850:Pattern_3: 0.8846153846153847
2023-07-02 12:02:30,850:Avg: 0.8778974493478777
2023-07-02 12:02:30,850:Support
2023-07-02 12:02:30,850:Pattern_0: 29
2023-07-02 12:02:30,850:Pattern_1: 20
2023-07-02 12:02:30,850:Pattern_2: 17
2023-07-02 12:02:30,850:Pattern_3: 24
2023-07-02 12:02:30,850:Avg: 22.5
2023-07-02 12:03:41,033:Z Space Dimensions: 1
2023-07-02 12:03:48,979:Classification Scores
2023-07-02 12:03:48,993:Train Accuracy: 1.0
2023-07-02 12:03:49,004:Train MCC: 1.0
2023-07-02 12:03:49,004:[[169   0]
 [  0  40]]
2023-07-02 12:03:49,004:[[1. 0.]
 [0. 1.]]
2023-07-02 12:03:49,004:Prec
2023-07-02 12:03:49,012:Pattern_0: 1.0
2023-07-02 12:03:49,012:Pattern_1: 1.0
2023-07-02 12:03:49,012:Avg: 1.0
2023-07-02 12:03:49,012:Recall
2023-07-02 12:03:49,012:Pattern_0: 1.0
2023-07-02 12:03:49,012:Pattern_1: 1.0
2023-07-02 12:03:49,018:Avg: 1.0
2023-07-02 12:03:49,018:F1
2023-07-02 12:03:49,018:Pattern_0: 1.0
2023-07-02 12:03:49,019:Pattern_1: 1.0
2023-07-02 12:03:49,019:Avg: 1.0
2023-07-02 12:03:49,019:Support
2023-07-02 12:03:49,019:Pattern_0: 169
2023-07-02 12:03:49,019:Pattern_1: 40
2023-07-02 12:03:49,019:Avg: 104.5
2023-07-02 12:03:49,036:Val Accuracy: 1.0
2023-07-02 12:03:49,069:Val MCC: 1.0
2023-07-02 12:03:49,069:[[169   0]
 [  0  40]]
2023-07-02 12:03:49,069:[[1. 0.]
 [0. 1.]]
2023-07-02 12:03:49,076:Prec
2023-07-02 12:03:49,076:Pattern_0: 1.0
2023-07-02 12:03:49,076:Pattern_1: 1.0
2023-07-02 12:03:49,076:Avg: 1.0
2023-07-02 12:03:49,076:Recall
2023-07-02 12:03:49,076:Pattern_0: 1.0
2023-07-02 12:03:49,076:Pattern_1: 1.0
2023-07-02 12:03:49,076:Avg: 1.0
2023-07-02 12:03:49,076:F1
2023-07-02 12:03:49,076:Pattern_0: 1.0
2023-07-02 12:03:49,076:Pattern_1: 1.0
2023-07-02 12:03:49,076:Avg: 1.0
2023-07-02 12:03:49,076:Support
2023-07-02 12:03:49,076:Pattern_0: 169
2023-07-02 12:03:49,076:Pattern_1: 40
2023-07-02 12:03:49,076:Avg: 104.5
2023-07-02 12:03:49,093:Test Accuracy: 0.9888888888888889
2023-07-02 12:03:49,108:Test MCC: 0.9665456669582608
2023-07-02 12:03:49,108:[[71  0]
 [ 1 18]]
2023-07-02 12:03:49,108:[[1.         0.        ]
 [0.05263158 0.94736842]]
2023-07-02 12:03:49,108:Prec
2023-07-02 12:03:49,108:Pattern_0: 0.9861111111111112
2023-07-02 12:03:49,108:Pattern_1: 1.0
2023-07-02 12:03:49,116:Avg: 0.9930555555555556
2023-07-02 12:03:49,116:Recall
2023-07-02 12:03:49,116:Pattern_0: 1.0
2023-07-02 12:03:49,116:Pattern_1: 0.9473684210526315
2023-07-02 12:03:49,116:Avg: 0.9736842105263157
2023-07-02 12:03:49,116:F1
2023-07-02 12:03:49,116:Pattern_0: 0.993006993006993
2023-07-02 12:03:49,116:Pattern_1: 0.972972972972973
2023-07-02 12:03:49,116:Avg: 0.9829899829899831
2023-07-02 12:03:49,116:Support
2023-07-02 12:03:49,116:Pattern_0: 71
2023-07-02 12:03:49,116:Pattern_1: 19
2023-07-02 12:03:49,116:Avg: 45.0
