2023-06-30 08:41:08,302:Z Space Dimensions: 3
2023-06-30 08:41:11,050:Classification Scores
2023-06-30 08:41:11,060:Train Accuracy: 1.0
2023-06-30 08:41:11,069:Train MCC: 1.0
2023-06-30 08:41:11,069:[[ 62   0]
 [  0 147]]
2023-06-30 08:41:11,070:[[1. 0.]
 [0. 1.]]
2023-06-30 08:41:11,072:Prec
2023-06-30 08:41:11,072:Pattern_0: 1.0
2023-06-30 08:41:11,072:Pattern_1: 1.0
2023-06-30 08:41:11,073:Avg: 1.0
2023-06-30 08:41:11,073:Recall
2023-06-30 08:41:11,073:Pattern_0: 1.0
2023-06-30 08:41:11,073:Pattern_1: 1.0
2023-06-30 08:41:11,074:Avg: 1.0
2023-06-30 08:41:11,074:F1
2023-06-30 08:41:11,074:Pattern_0: 1.0
2023-06-30 08:41:11,075:Pattern_1: 1.0
2023-06-30 08:41:11,075:Avg: 1.0
2023-06-30 08:41:11,075:Support
2023-06-30 08:41:11,075:Pattern_0: 62
2023-06-30 08:41:11,075:Pattern_1: 147
2023-06-30 08:41:11,075:Avg: 104.5
2023-06-30 08:41:11,084:Val Accuracy: 1.0
2023-06-30 08:41:11,094:Val MCC: 1.0
2023-06-30 08:41:11,094:[[ 62   0]
 [  0 147]]
2023-06-30 08:41:11,095:[[1. 0.]
 [0. 1.]]
2023-06-30 08:41:11,096:Prec
2023-06-30 08:41:11,096:Pattern_0: 1.0
2023-06-30 08:41:11,096:Pattern_1: 1.0
2023-06-30 08:41:11,096:Avg: 1.0
2023-06-30 08:41:11,096:Recall
2023-06-30 08:41:11,096:Pattern_0: 1.0
2023-06-30 08:41:11,096:Pattern_1: 1.0
2023-06-30 08:41:11,096:Avg: 1.0
2023-06-30 08:41:11,097:F1
2023-06-30 08:41:11,097:Pattern_0: 1.0
2023-06-30 08:41:11,097:Pattern_1: 1.0
2023-06-30 08:41:11,097:Avg: 1.0
2023-06-30 08:41:11,097:Support
2023-06-30 08:41:11,097:Pattern_0: 62
2023-06-30 08:41:11,097:Pattern_1: 147
2023-06-30 08:41:11,097:Avg: 104.5
2023-06-30 08:41:11,107:Test Accuracy: 0.7777777777777778
2023-06-30 08:41:11,115:Test MCC: 0.560611910581388
2023-06-30 08:41:11,116:[[55  0]
 [20 15]]
2023-06-30 08:41:11,116:[[1.         0.        ]
 [0.57142857 0.42857143]]
2023-06-30 08:41:11,117:Prec
2023-06-30 08:41:11,117:Pattern_0: 0.7333333333333333
2023-06-30 08:41:11,118:Pattern_1: 1.0
2023-06-30 08:41:11,118:Avg: 0.8666666666666667
2023-06-30 08:41:11,118:Recall
2023-06-30 08:41:11,118:Pattern_0: 1.0
2023-06-30 08:41:11,118:Pattern_1: 0.42857142857142855
2023-06-30 08:41:11,118:Avg: 0.7142857142857143
2023-06-30 08:41:11,118:F1
2023-06-30 08:41:11,118:Pattern_0: 0.846153846153846
2023-06-30 08:41:11,118:Pattern_1: 0.6
2023-06-30 08:41:11,118:Avg: 0.723076923076923
2023-06-30 08:41:11,118:Support
2023-06-30 08:41:11,118:Pattern_0: 55
2023-06-30 08:41:11,119:Pattern_1: 35
2023-06-30 08:41:11,119:Avg: 45.0
2023-06-30 08:42:33,503:Z Space Dimensions: 3
2023-06-30 08:42:38,064:Classification Scores
2023-06-30 08:42:38,073:Train Accuracy: 1.0
2023-06-30 08:42:38,082:Train MCC: 1.0
2023-06-30 08:42:38,083:[[76  0  0  0]
 [ 0 36  0  0]
 [ 0  0 37  0]
 [ 0  0  0 60]]
2023-06-30 08:42:38,084:[[1. 0. 0. 0.]
 [0. 1. 0. 0.]
 [0. 0. 1. 0.]
 [0. 0. 0. 1.]]
2023-06-30 08:42:38,085:Prec
2023-06-30 08:42:38,085:Pattern_0: 1.0
2023-06-30 08:42:38,085:Pattern_1: 1.0
2023-06-30 08:42:38,085:Pattern_2: 1.0
2023-06-30 08:42:38,085:Pattern_3: 1.0
2023-06-30 08:42:38,091:Avg: 1.0
2023-06-30 08:42:38,091:Recall
2023-06-30 08:42:38,091:Pattern_0: 1.0
2023-06-30 08:42:38,092:Pattern_1: 1.0
2023-06-30 08:42:38,092:Pattern_2: 1.0
2023-06-30 08:42:38,092:Pattern_3: 1.0
2023-06-30 08:42:38,092:Avg: 1.0
2023-06-30 08:42:38,092:F1
2023-06-30 08:42:38,092:Pattern_0: 1.0
2023-06-30 08:42:38,092:Pattern_1: 1.0
2023-06-30 08:42:38,092:Pattern_2: 1.0
2023-06-30 08:42:38,092:Pattern_3: 1.0
2023-06-30 08:42:38,092:Avg: 1.0
2023-06-30 08:42:38,093:Support
2023-06-30 08:42:38,093:Pattern_0: 76
2023-06-30 08:42:38,093:Pattern_1: 36
2023-06-30 08:42:38,093:Pattern_2: 37
2023-06-30 08:42:38,093:Pattern_3: 60
2023-06-30 08:42:38,093:Avg: 52.25
2023-06-30 08:42:38,102:Val Accuracy: 1.0
2023-06-30 08:42:38,113:Val MCC: 1.0
2023-06-30 08:42:38,113:[[76  0  0  0]
 [ 0 36  0  0]
 [ 0  0 37  0]
 [ 0  0  0 60]]
2023-06-30 08:42:38,114:[[1. 0. 0. 0.]
 [0. 1. 0. 0.]
 [0. 0. 1. 0.]
 [0. 0. 0. 1.]]
2023-06-30 08:42:38,115:Prec
2023-06-30 08:42:38,115:Pattern_0: 1.0
2023-06-30 08:42:38,115:Pattern_1: 1.0
2023-06-30 08:42:38,115:Pattern_2: 1.0
2023-06-30 08:42:38,115:Pattern_3: 1.0
2023-06-30 08:42:38,116:Avg: 1.0
2023-06-30 08:42:38,116:Recall
2023-06-30 08:42:38,116:Pattern_0: 1.0
2023-06-30 08:42:38,116:Pattern_1: 1.0
2023-06-30 08:42:38,116:Pattern_2: 1.0
2023-06-30 08:42:38,116:Pattern_3: 1.0
2023-06-30 08:42:38,116:Avg: 1.0
2023-06-30 08:42:38,116:F1
2023-06-30 08:42:38,116:Pattern_0: 1.0
2023-06-30 08:42:38,116:Pattern_1: 1.0
2023-06-30 08:42:38,116:Pattern_2: 1.0
2023-06-30 08:42:38,116:Pattern_3: 1.0
2023-06-30 08:42:38,117:Avg: 1.0
2023-06-30 08:42:38,117:Support
2023-06-30 08:42:38,117:Pattern_0: 76
2023-06-30 08:42:38,117:Pattern_1: 36
2023-06-30 08:42:38,117:Pattern_2: 37
2023-06-30 08:42:38,117:Pattern_3: 60
2023-06-30 08:42:38,117:Avg: 52.25
2023-06-30 08:42:38,125:Test Accuracy: 0.9
2023-06-30 08:42:38,133:Test MCC: 0.7416198487095663
2023-06-30 08:42:38,133:[[66  0]
 [ 9 15]]
2023-06-30 08:42:38,134:[[1.    0.   ]
 [0.375 0.625]]
2023-06-30 08:42:38,135:Prec
2023-06-30 08:42:38,135:Pattern_0: 0.88
2023-06-30 08:42:38,135:Pattern_1: 1.0
2023-06-30 08:42:38,135:Avg: 0.94
2023-06-30 08:42:38,135:Recall
2023-06-30 08:42:38,135:Pattern_0: 1.0
2023-06-30 08:42:38,136:Pattern_1: 0.625
2023-06-30 08:42:38,136:Avg: 0.8125
2023-06-30 08:42:38,136:F1
2023-06-30 08:42:38,136:Pattern_0: 0.9361702127659575
2023-06-30 08:42:38,136:Pattern_1: 0.7692307692307693
2023-06-30 08:42:38,136:Avg: 0.8527004909983633
2023-06-30 08:42:38,136:Support
2023-06-30 08:42:38,136:Pattern_0: 66
2023-06-30 08:42:38,136:Pattern_1: 24
2023-06-30 08:42:38,136:Avg: 45.0
